<?xml version="1.0" encoding="UTF-8"?>
<!-- Generated by org.testng.reporters.JUnitXMLReporter -->
<testsuite ignored="6" hostname="Umesh-Marwaha" failures="0" tests="3" name="Grouptest" time="0.049" errors="0" timestamp="2024-04-03T18:22:11 IST">
  <testcase classname="Day12.GroupingDemo" name="loginbyFacebook" time="0.013"/>
  <testcase classname="Day12.GroupingDemo" name="loginbyTwitter" time="0.002"/>
  <testcase classname="Day12.GroupingDemo" name="paymentinDollar" time="0.002"/>
  <testcase classname="Day12.GroupingDemo" name="paymentinRupee" time="0.0">
    <ignored/>
  </testcase> <!-- paymentinRupee -->
  <testcase classname="Day12.GroupingDemo" name="signupbyEmail" time="0.0">
    <ignored/>
  </testcase> <!-- signupbyEmail -->
  <testcase classname="Day12.GroupingDemo" name="loginbyEmail" time="0.0">
    <ignored/>
  </testcase> <!-- loginbyEmail -->
  <testcase classname="Day12.GroupingDemo" name="signupbyFacebook" time="0.0">
    <ignored/>
  </testcase> <!-- signupbyFacebook -->
  <testcase classname="Day12.GroupingDemo" name="signupbyTwitter" time="0.0">
    <ignored/>
  </testcase> <!-- signupbyTwitter -->
  <testcase classname="Day12.GroupingDemo" name="paymentReturnbyBank" time="0.0">
    <ignored/>
  </testcase> <!-- paymentReturnbyBank -->
</testsuite> <!-- Grouptest -->
