<?xml version="1.0" encoding="UTF-8"?>
<!-- Generated by org.testng.reporters.JUnitXMLReporter -->
<testsuite ignored="0" hostname="Umesh-Marwaha" failures="0" tests="3" name="paramTest" time="12.554" errors="0" timestamp="2024-04-04T17:31:00 IST">
  <testcase classname="Day12.ParamTest" name="testHomePageTitle" time="0.047"/>
  <testcase classname="Day12.ParamTest" name="testLogin" time="0.012"/>
  <testcase classname="Day12.ParamTest" name="testLogo" time="0.055"/>
</testsuite> <!-- paramTest -->
