<?xml version="1.0" encoding="UTF-8"?>
<testng-results ignored="0" total="1" passed="1" failed="0" skipped="0">
  <reporter-output>
  </reporter-output>
  <suite started-at="2024-04-10T11:37:12 IST" name="Suite" finished-at="2024-04-10T11:37:20 IST" duration-ms="7455">
    <groups>
    </groups>
    <test started-at="2024-04-10T11:37:12 IST" name="BTES" finished-at="2024-04-10T11:37:20 IST" duration-ms="7455">
      <class name="Day14.BTESTest">
        <test-method is-config="true" signature="setup()[pri:0, instance:Day14.BTESTest@6d763516]" started-at="2024-04-10T11:37:12 IST" name="setup" finished-at="2024-04-10T11:37:15 IST" duration-ms="2751" status="PASS">
          <reporter-output>
          </reporter-output>
        </test-method> <!-- setup -->
        <test-method signature="TestLogin()[pri:2, instance:Day14.BTESTest@6d763516]" started-at="2024-04-10T11:37:15 IST" name="TestLogin" finished-at="2024-04-10T11:37:20 IST" duration-ms="4574" status="PASS">
          <reporter-output>
          </reporter-output>
        </test-method> <!-- TestLogin -->
        <test-method is-config="true" signature="teardown()[pri:0, instance:Day14.BTESTest@6d763516]" started-at="2024-04-10T11:37:20 IST" name="teardown" finished-at="2024-04-10T11:37:20 IST" duration-ms="86" status="PASS">
          <reporter-output>
          </reporter-output>
        </test-method> <!-- teardown -->
      </class> <!-- Day14.BTESTest -->
    </test> <!-- BTES -->
  </suite> <!-- Suite -->
</testng-results>
